[train] model=payout-rl-q8b tasks=12 group=8 iterations=30 -> ~96 rollouts/iter at 8-wide.
2026-06-20 23:58:01,922 INFO job: https://hud.ai/jobs/e7385d1d630d4b54bff4a244ffa3395d
[train] job started: e7385d1d630d4b54bff4a244ffa3395d  (watch live: https://hud.ai/jobs)
[train] iter 0: running rollouts...
2026-06-20 23:58:01,923 INFO running 96 rollouts (12 tasks x 8 group), max_concurrent=8
2026-06-20 23:58:03,034 INFO step 1/10
2026-06-20 23:58:03,167 INFO step 1/10
2026-06-20 23:58:03,168 INFO step 1/10
2026-06-20 23:58:03,168 INFO step 1/10
2026-06-20 23:58:03,169 INFO step 1/10
2026-06-20 23:58:03,169 INFO step 1/10
2026-06-20 23:58:03,170 INFO step 1/10
2026-06-20 23:58:03,170 INFO step 1/10
2026-06-20 23:58:09,047 INFO step 1/10
2026-06-20 23:58:09,127 INFO step 1/10
2026-06-20 23:58:09,687 INFO step 1/10
2026-06-20 23:58:09,795 INFO step 1/10
2026-06-20 23:58:09,800 INFO step 1/10
2026-06-20 23:58:09,904 INFO step 1/10
2026-06-20 23:58:10,101 INFO step 1/10
2026-06-20 23:58:12,644 INFO step 1/10
2026-06-20 23:58:13,403 INFO step 1/10
2026-06-20 23:58:13,585 INFO step 1/10
2026-06-20 23:58:13,590 INFO step 1/10
2026-06-20 23:58:14,210 INFO step 1/10
2026-06-20 23:58:14,213 INFO step 1/10
2026-06-20 23:58:14,410 INFO step 1/10
2026-06-20 23:58:15,351 INFO step 1/10
2026-06-20 23:58:16,570 INFO step 1/10
2026-06-20 23:58:17,776 INFO step 1/10
2026-06-20 23:58:17,909 INFO step 1/10
2026-06-20 23:58:18,304 INFO step 1/10
2026-06-20 23:58:18,577 INFO step 1/10
2026-06-20 23:58:18,602 INFO step 1/10
2026-06-20 23:58:18,614 INFO step 1/10
2026-06-20 23:58:23,824 INFO step 1/10
2026-06-20 23:58:31,316 INFO step 1/10
2026-06-20 23:58:31,350 INFO step 1/10
2026-06-20 23:58:31,651 INFO step 1/10
2026-06-20 23:58:31,964 INFO step 1/10
2026-06-20 23:58:33,372 INFO step 1/10
2026-06-20 23:58:33,410 INFO step 1/10
2026-06-20 23:58:33,528 INFO step 1/10
2026-06-20 23:58:35,903 INFO step 1/10
2026-06-20 23:58:41,842 INFO step 1/10
2026-06-20 23:58:41,846 INFO step 1/10
2026-06-20 23:58:41,969 INFO step 1/10
2026-06-20 23:58:41,977 INFO step 1/10
2026-06-20 23:58:42,096 INFO step 1/10
2026-06-20 23:58:42,097 INFO step 1/10
2026-06-20 23:58:42,136 INFO step 1/10
2026-06-20 23:58:42,249 INFO step 1/10
2026-06-20 23:58:46,444 INFO step 1/10
2026-06-20 23:58:46,546 INFO step 1/10
2026-06-20 23:58:46,551 INFO step 1/10
2026-06-20 23:58:46,577 INFO step 1/10
2026-06-20 23:58:46,763 INFO step 1/10
2026-06-20 23:58:47,282 INFO step 1/10
2026-06-20 23:58:47,307 INFO step 1/10
2026-06-20 23:58:47,811 INFO step 1/10
2026-06-20 23:58:50,764 INFO step 1/10
2026-06-20 23:58:51,281 INFO step 1/10
2026-06-20 23:58:51,298 INFO step 1/10
2026-06-20 23:58:51,657 INFO step 1/10
2026-06-20 23:58:51,675 INFO step 1/10
2026-06-20 23:58:51,862 INFO step 1/10
2026-06-20 23:58:52,304 INFO step 1/10
2026-06-20 23:58:53,278 INFO step 1/10
2026-06-20 23:59:05,207 INFO step 1/10
2026-06-20 23:59:06,351 INFO step 1/10
2026-06-20 23:59:06,527 INFO step 1/10
2026-06-20 23:59:06,578 INFO step 1/10
2026-06-20 23:59:06,719 INFO step 1/10
2026-06-20 23:59:07,042 INFO step 1/10
2026-06-20 23:59:07,227 INFO step 1/10
2026-06-20 23:59:07,281 INFO step 1/10
2026-06-20 23:59:10,131 INFO step 1/10
2026-06-20 23:59:11,235 INFO step 1/10
2026-06-20 23:59:11,244 INFO step 1/10
2026-06-20 23:59:11,718 INFO step 1/10
2026-06-20 23:59:11,814 INFO step 1/10
2026-06-20 23:59:12,107 INFO step 1/10
2026-06-20 23:59:12,237 INFO step 1/10
2026-06-20 23:59:12,388 INFO step 1/10
2026-06-20 23:59:19,969 INFO step 1/10
2026-06-20 23:59:19,970 INFO step 1/10
2026-06-20 23:59:20,065 INFO step 1/10
2026-06-20 23:59:20,125 INFO step 1/10
2026-06-20 23:59:20,168 INFO step 1/10
2026-06-20 23:59:20,209 INFO step 1/10
2026-06-20 23:59:20,233 INFO step 1/10
2026-06-20 23:59:20,237 INFO step 1/10
2026-06-20 23:59:24,825 INFO step 1/10
2026-06-20 23:59:24,826 INFO step 1/10
2026-06-20 23:59:24,986 INFO step 1/10
2026-06-20 23:59:25,192 INFO step 1/10
2026-06-20 23:59:25,590 INFO step 1/10
2026-06-20 23:59:25,624 INFO step 1/10
2026-06-20 23:59:25,648 INFO step 1/10
2026-06-20 23:59:25,706 INFO step 1/10
2026-06-20 23:59:32,854 INFO step 1/10
[train] iter 0: 96 rollouts, 0 errors, reward mean=0.525 spread=0.626 -> training step...
[train] iter 0 DONE: step=12 checkpoint_id='5645def8-ae0b-450c-8068-b1e8bba49749' sampler_path='tinker://7b09ef63-34bb-51ea-b0d3-251f651d4f1e:train:0/sampler_weights/step-000012' state_path='tinker://7b09ef63-34bb-51ea-b0d3-251f651d4f1e:train:0/weights/step-000012' model='payout-rl-q8b'
[train] iter 1: running rollouts...
2026-06-21 00:00:04,562 INFO running 96 rollouts (12 tasks x 8 group), max_concurrent=8
2026-06-21 00:00:07,446 INFO step 1/10
2026-06-21 00:00:07,454 INFO step 1/10
2026-06-21 00:00:07,455 INFO step 1/10
2026-06-21 00:00:07,456 INFO step 1/10
2026-06-21 00:00:07,457 INFO step 1/10
2026-06-21 00:00:07,458 INFO step 1/10
2026-06-21 00:00:07,459 INFO step 1/10
2026-06-21 00:00:07,459 INFO step 1/10
2026-06-21 00:00:14,179 INFO step 1/10
2026-06-21 00:00:14,241 INFO step 1/10
2026-06-21 00:00:14,356 INFO step 1/10
2026-06-21 00:00:14,358 INFO step 1/10
2026-06-21 00:00:14,627 INFO step 1/10
2026-06-21 00:00:14,751 INFO step 1/10
2026-06-21 00:00:14,752 INFO step 1/10
2026-06-21 00:00:17,637 INFO step 1/10
2026-06-21 00:00:17,638 INFO step 1/10
2026-06-21 00:00:18,451 INFO step 1/10
2026-06-21 00:00:18,783 INFO step 1/10
2026-06-21 00:00:19,001 INFO step 1/10
2026-06-21 00:00:19,030 INFO step 1/10
2026-06-21 00:00:19,425 INFO step 1/10
2026-06-21 00:00:20,292 INFO step 1/10
2026-06-21 00:00:22,138 INFO step 1/10
2026-06-21 00:00:22,482 INFO step 1/10
2026-06-21 00:00:22,783 INFO step 1/10
2026-06-21 00:00:23,421 INFO step 1/10
2026-06-21 00:00:23,623 INFO step 1/10
2026-06-21 00:00:24,260 INFO step 1/10
2026-06-21 00:00:24,271 INFO step 1/10
2026-06-21 00:00:24,373 INFO step 1/10
2026-06-21 00:00:25,958 INFO step 1/10
2026-06-21 00:00:26,025 INFO step 1/10
2026-06-21 00:00:26,582 INFO step 1/10
2026-06-21 00:00:28,312 INFO step 1/10
2026-06-21 00:00:28,371 INFO step 1/10
2026-06-21 00:00:28,425 INFO step 1/10
2026-06-21 00:00:28,504 INFO step 1/10
2026-06-21 00:00:28,673 INFO step 1/10
2026-06-21 00:00:29,690 INFO step 1/10
2026-06-21 00:00:29,691 INFO step 1/10
2026-06-21 00:00:30,530 INFO step 1/10
2026-06-21 00:00:32,121 INFO step 1/10
2026-06-21 00:00:33,050 INFO step 1/10
2026-06-21 00:00:33,052 INFO step 1/10
2026-06-21 00:00:33,345 INFO step 1/10
2026-06-21 00:00:33,459 INFO step 1/10
2026-06-21 00:00:34,262 INFO step 1/10
2026-06-21 00:00:34,421 INFO step 1/10
2026-06-21 00:00:34,701 INFO step 1/10
2026-06-21 00:00:36,498 INFO step 1/10
2026-06-21 00:00:36,579 INFO step 1/10
2026-06-21 00:00:36,990 INFO step 1/10
2026-06-21 00:00:37,097 INFO step 1/10
2026-06-21 00:00:37,648 INFO step 1/10
2026-06-21 00:00:37,717 INFO step 1/10
2026-06-21 00:00:38,186 INFO step 1/10
2026-06-21 00:00:38,692 INFO step 1/10
2026-06-21 00:00:40,331 INFO step 1/10
2026-06-21 00:00:41,121 INFO step 1/10
2026-06-21 00:00:41,145 INFO step 1/10
2026-06-21 00:00:41,818 INFO step 1/10
2026-06-21 00:00:42,210 INFO step 1/10
2026-06-21 00:00:42,237 INFO step 1/10
2026-06-21 00:00:42,882 INFO step 1/10
2026-06-21 00:00:43,126 INFO step 1/10
2026-06-21 00:00:44,059 INFO step 1/10
2026-06-21 00:00:44,969 INFO step 1/10
2026-06-21 00:00:44,978 INFO step 1/10
2026-06-21 00:00:45,152 INFO step 1/10
2026-06-21 00:00:45,901 INFO step 1/10
2026-06-21 00:00:46,522 INFO step 1/10
2026-06-21 00:00:47,351 INFO step 1/10
2026-06-21 00:00:47,417 INFO step 1/10
2026-06-21 00:00:48,730 INFO step 1/10
2026-06-21 00:00:49,333 INFO step 1/10
2026-06-21 00:00:49,789 INFO step 1/10
2026-06-21 00:00:49,935 INFO step 1/10
2026-06-21 00:00:50,377 INFO step 1/10
2026-06-21 00:00:50,510 INFO step 1/10
2026-06-21 00:00:51,614 INFO step 1/10
2026-06-21 00:00:51,631 INFO step 1/10
2026-06-21 00:00:56,932 INFO step 1/10
2026-06-21 00:00:57,195 INFO step 1/10
2026-06-21 00:00:57,444 INFO step 1/10
2026-06-21 00:00:57,518 INFO step 1/10
2026-06-21 00:00:57,520 INFO step 1/10
2026-06-21 00:00:57,553 INFO step 1/10
2026-06-21 00:00:57,590 INFO step 1/10
2026-06-21 00:00:57,623 INFO step 1/10
2026-06-21 00:01:01,551 INFO step 1/10
2026-06-21 00:01:02,001 INFO step 1/10
2026-06-21 00:01:03,460 INFO step 1/10
2026-06-21 00:01:03,593 INFO step 1/10
2026-06-21 00:01:03,672 INFO step 1/10
2026-06-21 00:01:03,680 INFO step 1/10
[train] iter 1: 96 rollouts, 0 errors, reward mean=0.520 spread=0.484 -> training step...
[train] iter 1 DONE: step=13 checkpoint_id='206f32e6-450f-4b9d-8ee1-f924e73b097e' sampler_path='tinker://7b09ef63-34bb-51ea-b0d3-251f651d4f1e:train:0/sampler_weights/step-000013' state_path='tinker://7b09ef63-34bb-51ea-b0d3-251f651d4f1e:train:0/weights/step-000013' model='payout-rl-q8b'
[train] iter 2: running rollouts...
2026-06-21 00:01:16,027 INFO running 96 rollouts (12 tasks x 8 group), max_concurrent=8
2026-06-21 00:01:17,192 INFO step 1/10
2026-06-21 00:01:17,194 INFO step 1/10
2026-06-21 00:01:17,202 INFO step 1/10
2026-06-21 00:01:17,205 INFO step 1/10
2026-06-21 00:01:17,207 INFO step 1/10
2026-06-21 00:01:17,210 INFO step 1/10
2026-06-21 00:01:17,211 INFO step 1/10
2026-06-21 00:01:17,216 INFO step 1/10
2026-06-21 00:01:23,734 INFO step 1/10
2026-06-21 00:01:24,272 INFO step 1/10
2026-06-21 00:01:24,314 INFO step 1/10
2026-06-21 00:01:24,980 INFO step 1/10
2026-06-21 00:01:25,043 INFO step 1/10
2026-06-21 00:01:25,485 INFO step 1/10
2026-06-21 00:01:25,536 INFO step 1/10
2026-06-21 00:01:27,451 INFO step 1/10
2026-06-21 00:01:27,494 INFO step 1/10
2026-06-21 00:01:28,238 INFO step 1/10
2026-06-21 00:01:28,785 INFO step 1/10
2026-06-21 00:01:28,855 INFO step 1/10
2026-06-21 00:01:29,405 INFO step 1/10
2026-06-21 00:01:29,674 INFO step 1/10
2026-06-21 00:01:29,711 INFO step 1/10
2026-06-21 00:01:31,321 INFO step 1/10
2026-06-21 00:01:32,635 INFO step 1/10
2026-06-21 00:01:32,735 INFO step 1/10
2026-06-21 00:01:33,275 INFO step 1/10
2026-06-21 00:01:33,914 INFO step 1/10
2026-06-21 00:01:33,954 INFO step 1/10
2026-06-21 00:01:34,363 INFO step 1/10
2026-06-21 00:01:34,394 INFO step 1/10
2026-06-21 00:01:35,813 INFO step 1/10
2026-06-21 00:01:36,549 INFO step 1/10
2026-06-21 00:01:36,698 INFO step 1/10
2026-06-21 00:01:37,051 INFO step 1/10
2026-06-21 00:01:38,553 INFO step 1/10
2026-06-21 00:01:38,615 INFO step 1/10
2026-06-21 00:01:38,919 INFO step 1/10
2026-06-21 00:01:39,208 INFO step 1/10
2026-06-21 00:01:42,595 INFO step 1/10
2026-06-21 00:01:43,166 INFO step 1/10
2026-06-21 00:01:43,671 INFO step 1/10
2026-06-21 00:01:43,732 INFO step 1/10
2026-06-21 00:01:44,773 INFO step 1/10
2026-06-21 00:01:44,887 INFO step 1/10
2026-06-21 00:01:44,893 INFO step 1/10
2026-06-21 00:01:44,948 INFO step 1/10
2026-06-21 00:01:47,077 INFO step 1/10
2026-06-21 00:01:47,331 INFO step 1/10
2026-06-21 00:01:48,006 INFO step 1/10
2026-06-21 00:01:48,910 INFO step 1/10
2026-06-21 00:01:49,188 INFO step 1/10
2026-06-21 00:01:49,499 INFO step 1/10
2026-06-21 00:01:49,814 INFO step 1/10
2026-06-21 00:01:50,008 INFO step 1/10
2026-06-21 00:01:50,774 INFO step 1/10
2026-06-21 00:01:52,030 INFO step 1/10
2026-06-21 00:01:52,101 INFO step 1/10
2026-06-21 00:01:53,676 INFO step 1/10
2026-06-21 00:01:53,703 INFO step 1/10
2026-06-21 00:01:54,236 INFO step 1/10
2026-06-21 00:01:54,239 INFO step 1/10
2026-06-21 00:01:54,332 INFO step 1/10
2026-06-21 00:01:54,880 INFO step 1/10
2026-06-21 00:01:56,522 INFO step 1/10
2026-06-21 00:01:57,020 INFO step 1/10
2026-06-21 00:01:57,354 INFO step 1/10
2026-06-21 00:01:58,195 INFO step 1/10
2026-06-21 00:01:58,310 INFO step 1/10
2026-06-21 00:01:59,234 INFO step 1/10
2026-06-21 00:01:59,235 INFO step 1/10
2026-06-21 00:01:59,335 INFO step 1/10
2026-06-21 00:01:59,953 INFO step 1/10
2026-06-21 00:02:02,795 INFO step 1/10
2026-06-21 00:02:03,093 INFO step 1/10
2026-06-21 00:02:03,127 INFO step 1/10
2026-06-21 00:02:03,227 INFO step 1/10
2026-06-21 00:02:04,069 INFO step 1/10
2026-06-21 00:02:04,107 INFO step 1/10
2026-06-21 00:02:04,742 INFO step 1/10
2026-06-21 00:02:05,132 INFO step 1/10
2026-06-21 00:02:06,963 INFO step 1/10
2026-06-21 00:02:07,719 INFO step 1/10
2026-06-21 00:02:08,161 INFO step 1/10
2026-06-21 00:02:08,286 INFO step 1/10
2026-06-21 00:02:08,389 INFO step 1/10
2026-06-21 00:02:08,439 INFO step 1/10
2026-06-21 00:02:10,172 INFO step 1/10
2026-06-21 00:02:10,213 INFO step 1/10
2026-06-21 00:02:12,120 INFO step 1/10
2026-06-21 00:02:12,501 INFO step 1/10
2026-06-21 00:02:12,727 INFO step 1/10
2026-06-21 00:02:12,808 INFO step 1/10
2026-06-21 00:02:13,017 INFO step 1/10
2026-06-21 00:02:13,513 INFO step 1/10
2026-06-21 00:02:14,192 INFO step 1/10
[train] iter 2: 96 rollouts, 0 errors, reward mean=0.527 spread=0.626 -> training step...
[train] iter 2 DONE: step=14 checkpoint_id='a3334405-0eb0-4c9a-837e-d4762fec63b3' sampler_path='tinker://7b09ef63-34bb-51ea-b0d3-251f651d4f1e:train:0/sampler_weights/step-000014' state_path='tinker://7b09ef63-34bb-51ea-b0d3-251f651d4f1e:train:0/weights/step-000014' model='payout-rl-q8b'
[train] iter 3: running rollouts...
2026-06-21 00:02:27,632 INFO running 96 rollouts (12 tasks x 8 group), max_concurrent=8
2026-06-21 00:02:28,908 INFO step 1/10
2026-06-21 00:02:28,915 INFO step 1/10
2026-06-21 00:02:28,925 INFO step 1/10
2026-06-21 00:02:28,954 INFO step 1/10
2026-06-21 00:02:28,955 INFO step 1/10
2026-06-21 00:02:28,957 INFO step 1/10
2026-06-21 00:02:28,963 INFO step 1/10
2026-06-21 00:02:29,209 INFO step 1/10
2026-06-21 00:02:36,569 INFO step 1/10
2026-06-21 00:02:36,830 INFO step 1/10
2026-06-21 00:02:37,577 INFO step 1/10
2026-06-21 00:02:37,579 INFO step 1/10
2026-06-21 00:02:37,599 INFO step 1/10
2026-06-21 00:02:37,689 INFO step 1/10
2026-06-21 00:02:38,312 INFO step 1/10
2026-06-21 00:02:39,960 INFO step 1/10
2026-06-21 00:02:41,311 INFO step 1/10
2026-06-21 00:02:41,513 INFO step 1/10
2026-06-21 00:02:41,958 INFO step 1/10
2026-06-21 00:02:42,744 INFO step 1/10
2026-06-21 00:02:42,817 INFO step 1/10
2026-06-21 00:02:43,014 INFO step 1/10
2026-06-21 00:02:43,017 INFO step 1/10
2026-06-21 00:02:44,807 INFO step 1/10
2026-06-21 00:02:44,981 INFO step 1/10
2026-06-21 00:02:45,870 INFO step 1/10
2026-06-21 00:02:46,234 INFO step 1/10
2026-06-21 00:02:46,905 INFO step 1/10
2026-06-21 00:02:46,940 INFO step 1/10
2026-06-21 00:02:47,338 INFO step 1/10
2026-06-21 00:02:47,643 INFO step 1/10
2026-06-21 00:02:50,562 INFO step 1/10
2026-06-21 00:02:50,847 INFO step 1/10
2026-06-21 00:02:51,446 INFO step 1/10
2026-06-21 00:02:51,612 INFO step 1/10
2026-06-21 00:02:51,668 INFO step 1/10
2026-06-21 00:02:51,938 INFO step 1/10
2026-06-21 00:02:51,952 INFO step 1/10
2026-06-21 00:02:52,043 INFO step 1/10
2026-06-21 00:02:55,001 INFO step 1/10
2026-06-21 00:02:55,107 INFO step 1/10
2026-06-21 00:02:55,599 INFO step 1/10
2026-06-21 00:02:55,712 INFO step 1/10
2026-06-21 00:02:55,718 INFO step 1/10
2026-06-21 00:02:56,567 INFO step 1/10
2026-06-21 00:02:59,019 INFO step 1/10
2026-06-21 00:02:59,773 INFO step 1/10
2026-06-21 00:03:07,973 INFO step 1/10
2026-06-21 00:03:08,163 INFO step 1/10
2026-06-21 00:03:08,715 INFO step 1/10
2026-06-21 00:03:10,081 INFO step 1/10
2026-06-21 00:03:10,740 INFO step 1/10
2026-06-21 00:03:11,815 INFO step 1/10
2026-06-21 00:03:13,557 INFO step 1/10
2026-06-21 00:03:13,670 INFO step 1/10
2026-06-21 00:03:22,798 INFO step 1/10
2026-06-21 00:03:23,213 INFO step 1/10
2026-06-21 00:03:23,529 INFO step 1/10
2026-06-21 00:03:25,597 INFO step 1/10
2026-06-21 00:03:26,508 INFO step 1/10
2026-06-21 00:03:26,765 INFO step 1/10
2026-06-21 00:03:28,209 INFO step 1/10
2026-06-21 00:03:28,227 INFO step 1/10
2026-06-21 00:03:28,976 INFO step 1/10
2026-06-21 00:03:29,421 INFO step 1/10
2026-06-21 00:03:29,820 INFO step 1/10
2026-06-21 00:03:30,847 INFO step 1/10
2026-06-21 00:03:31,426 INFO step 1/10
2026-06-21 00:03:31,613 INFO step 1/10
2026-06-21 00:03:32,504 INFO step 1/10
2026-06-21 00:03:32,736 INFO step 1/10
2026-06-21 00:03:34,088 INFO step 1/10
2026-06-21 00:03:34,649 INFO step 1/10
2026-06-21 00:03:34,916 INFO step 1/10
2026-06-21 00:03:35,827 INFO step 1/10
2026-06-21 00:03:35,842 INFO step 1/10
2026-06-21 00:03:35,920 INFO step 1/10
2026-06-21 00:03:37,390 INFO step 1/10
2026-06-21 00:03:37,902 INFO step 1/10
2026-06-21 00:03:38,396 INFO step 1/10
2026-06-21 00:03:39,162 INFO step 1/10
2026-06-21 00:03:39,442 INFO step 1/10
2026-06-21 00:03:39,731 INFO step 1/10
2026-06-21 00:03:41,413 INFO step 1/10
2026-06-21 00:03:41,449 INFO step 1/10
2026-06-21 00:03:42,469 INFO step 1/10
2026-06-21 00:03:42,610 INFO step 1/10
2026-06-21 00:03:43,234 INFO step 1/10
2026-06-21 00:03:43,427 INFO step 1/10
2026-06-21 00:03:44,092 INFO step 1/10
2026-06-21 00:03:44,295 INFO step 1/10
2026-06-21 00:03:45,895 INFO step 1/10
2026-06-21 00:03:46,178 INFO step 1/10
2026-06-21 00:03:47,586 INFO step 1/10
2026-06-21 00:03:47,711 INFO step 1/10
2026-06-21 00:03:47,726 INFO step 1/10
[train] iter 3: 96 rollouts, 0 errors, reward mean=0.536 spread=0.626 -> training step...
[train] iter 3 DONE: step=15 checkpoint_id='7bb86c65-4669-4021-9f7d-59bfafb7f1f2' sampler_path='tinker://7b09ef63-34bb-51ea-b0d3-251f651d4f1e:train:0/sampler_weights/step-000015' state_path='tinker://7b09ef63-34bb-51ea-b0d3-251f651d4f1e:train:0/weights/step-000015' model='payout-rl-q8b'
[train] iter 4: running rollouts...
2026-06-21 00:04:01,437 INFO running 96 rollouts (12 tasks x 8 group), max_concurrent=8
2026-06-21 00:04:02,872 INFO step 1/10
2026-06-21 00:04:02,874 INFO step 1/10
2026-06-21 00:04:02,884 INFO step 1/10
2026-06-21 00:04:02,888 INFO step 1/10
2026-06-21 00:04:02,891 INFO step 1/10
2026-06-21 00:04:02,909 INFO step 1/10
2026-06-21 00:04:02,968 INFO step 1/10
2026-06-21 00:04:02,971 INFO step 1/10
2026-06-21 00:04:09,288 INFO step 1/10
2026-06-21 00:04:09,411 INFO step 1/10
2026-06-21 00:04:09,517 INFO step 1/10
2026-06-21 00:04:09,544 INFO step 1/10
2026-06-21 00:04:09,588 INFO step 1/10
2026-06-21 00:04:10,009 INFO step 1/10
2026-06-21 00:04:10,613 INFO step 1/10
2026-06-21 00:04:14,817 INFO step 1/10
2026-06-21 00:04:14,825 INFO step 1/10
2026-06-21 00:04:14,877 INFO step 1/10
2026-06-21 00:04:15,048 INFO step 1/10
2026-06-21 00:04:15,862 INFO step 1/10
2026-06-21 00:04:15,863 INFO step 1/10
2026-06-21 00:04:15,890 INFO step 1/10
2026-06-21 00:04:16,085 INFO step 1/10
2026-06-21 00:04:21,156 INFO step 1/10
2026-06-21 00:04:22,353 INFO step 1/10
2026-06-21 00:04:22,363 INFO step 1/10
2026-06-21 00:04:22,520 INFO step 1/10
2026-06-21 00:04:22,683 INFO step 1/10
2026-06-21 00:04:22,738 INFO step 1/10
2026-06-21 00:04:22,792 INFO step 1/10
2026-06-21 00:04:23,123 INFO step 1/10
2026-06-21 00:04:25,433 INFO step 1/10
2026-06-21 00:04:26,424 INFO step 1/10
2026-06-21 00:04:26,950 INFO step 1/10
2026-06-21 00:04:27,024 INFO step 1/10
2026-06-21 00:04:27,197 INFO step 1/10
2026-06-21 00:04:27,271 INFO step 1/10
2026-06-21 00:04:27,353 INFO step 1/10
2026-06-21 00:04:27,764 INFO step 1/10
2026-06-21 00:04:34,158 INFO step 1/10
2026-06-21 00:04:39,292 INFO step 1/10
2026-06-21 00:04:43,646 INFO step 1/10
2026-06-21 00:04:43,690 INFO step 1/10
2026-06-21 00:04:44,260 INFO step 1/10
2026-06-21 00:04:44,377 INFO step 1/10
2026-06-21 00:04:44,582 INFO step 1/10
2026-06-21 00:04:44,613 INFO step 1/10
2026-06-21 00:04:47,269 INFO step 1/10
2026-06-21 00:04:52,248 INFO step 1/10
2026-06-21 00:04:54,535 INFO step 1/10
2026-06-21 00:04:54,694 INFO step 1/10
2026-06-21 00:04:54,774 INFO step 1/10
2026-06-21 00:04:54,790 INFO step 1/10
2026-06-21 00:04:54,842 INFO step 1/10
2026-06-21 00:04:54,852 INFO step 1/10
2026-06-21 00:04:54,970 INFO step 1/10
2026-06-21 00:05:00,941 INFO step 1/10
2026-06-21 00:05:10,192 INFO step 1/10
2026-06-21 00:05:10,312 INFO step 1/10
